<component name="libraryTable">
  <library name="junit-platform-engine-1.11">
    <CLASSES>
      <root url="file://$USER_HOME$/Téléchargements/junit-platform-engine-1.11.4" />
    </CLASSES>
    <JAVADOC />
    <SOURCES />
  </library>
</component>