<component name="libraryTable">
  <library name="junit-jupiter-engine-5.11.4">
    <CLASSES>
      <root url="jar://$USER_HOME$/Téléchargements/junit-jupiter-engine-5.11.4.jar!/" />
    </CLASSES>
    <JAVADOC />
    <SOURCES />
  </library>
</component>